Build started 3/1/2019 6:41:35 AM.
     1>Project "C:\Users\thecarisma\Documents\SIMPLE_GITHUB\simple\modules\dynamic_modules\fulltick\fulltick\fulltick.vcxproj" on node 3 (Build target(s)).
     1>ClCompile:
         C:\Program Files (x86)\Microsoft Visual Studio 11.0\VC\bin\CL.exe /c /I"C:\Users\thecarisma\Downloads\fltk-1.3.4-2-source\fltk-1.3.4-2\ide\VisualC2010\/../../" /I"C:\Users\thecarisma\Downloads\fltk-1.3.4-2-source\fltk-1.3.4-2\ide\VisualC2010\/../../png/" /ZI /nologo /W3 /WX- /Od /Oy- /D WIN32 /D _DEBUG /D _WINDOWS /D _USRDLL /D FULLTICK_EXPORTS /D _WINDLL /D _UNICODE /D UNICODE /Gm /EHsc /RTC1 /MD /GS /fp:precise /Zc:wchar_t /Zc:forScope /Fo"Debug\\" /Fd"Debug\vc110.pdb" /Gd /TP /analyze- /errorReport:prompt ..\fulltick.cpp
         fulltick.cpp
     1>c:\users\thecarisma\downloads\fltk-1.3.4-2-source\fltk-1.3.4-2\fl\fl_spinner.h(106): warning C4996: 'sprintf': This function or variable may be unsafe. Consider using sprintf_s instead. To disable deprecation, use _CRT_SECURE_NO_WARNINGS. See online help for details.
                 c:\program files (x86)\microsoft visual studio 11.0\vc\include\stdio.h(357) : see declaration of 'sprintf'
     1>c:\users\thecarisma\downloads\fltk-1.3.4-2-source\fltk-1.3.4-2\fl\fl_spinner.h(111): warning C4996: 'sprintf': This function or variable may be unsafe. Consider using sprintf_s instead. To disable deprecation, use _CRT_SECURE_NO_WARNINGS. See online help for details.
                 c:\program files (x86)\microsoft visual studio 11.0\vc\include\stdio.h(357) : see declaration of 'sprintf'
     1>c:\users\thecarisma\downloads\fltk-1.3.4-2-source\fltk-1.3.4-2\fl\fl_spinner.h(113): warning C4996: 'sprintf': This function or variable may be unsafe. Consider using sprintf_s instead. To disable deprecation, use _CRT_SECURE_NO_WARNINGS. See online help for details.
                 c:\program files (x86)\microsoft visual studio 11.0\vc\include\stdio.h(357) : see declaration of 'sprintf'
     1>c:\users\thecarisma\documents\simple_github\simple\modules\dynamic_modules\fulltick\fulltick.cpp(1698): warning C4800: 'int' : forcing value to bool 'true' or 'false' (performance warning)
     1>c:\users\thecarisma\documents\simple_github\simple\modules\dynamic_modules\fulltick\fulltick.cpp(6610): warning C4067: unexpected tokens following preprocessor directive - expected a newline
     1>c:\users\thecarisma\documents\simple_github\simple\modules\dynamic_modules\fulltick\fulltick.cpp(12207): warning C4067: unexpected tokens following preprocessor directive - expected a newline
     1>c:\users\thecarisma\documents\simple_github\simple\modules\dynamic_modules\fulltick\fulltick.cpp(16606): warning C4067: unexpected tokens following preprocessor directive - expected a newline
     1>c:\users\thecarisma\documents\simple_github\simple\modules\dynamic_modules\fulltick\fulltick.cpp(17549): warning C4800: 'int' : forcing value to bool 'true' or 'false' (performance warning)
     1>c:\users\thecarisma\documents\simple_github\simple\modules\dynamic_modules\fulltick\fulltick.cpp(18585): warning C4067: unexpected tokens following preprocessor directive - expected a newline
     1>c:\users\thecarisma\documents\simple_github\simple\modules\dynamic_modules\fulltick\fulltick.cpp(18832): warning C4800: 'int' : forcing value to bool 'true' or 'false' (performance warning)
     1>c:\users\thecarisma\documents\simple_github\simple\modules\dynamic_modules\fulltick\fulltick.cpp(18860): warning C4800: 'int' : forcing value to bool 'true' or 'false' (performance warning)
     1>c:\users\thecarisma\documents\simple_github\simple\modules\dynamic_modules\fulltick\fulltick.cpp(18877): warning C4800: 'int' : forcing value to bool 'true' or 'false' (performance warning)
     1>c:\users\thecarisma\documents\simple_github\simple\modules\dynamic_modules\fulltick\fulltick.cpp(21136): warning C4800: 'int' : forcing value to bool 'true' or 'false' (performance warning)
     1>c:\users\thecarisma\documents\simple_github\simple\modules\dynamic_modules\fulltick\fulltick.cpp(21463): warning C4800: 'int' : forcing value to bool 'true' or 'false' (performance warning)
     1>c:\users\thecarisma\documents\simple_github\simple\modules\dynamic_modules\fulltick\fulltick.cpp(26482): warning C4800: 'int' : forcing value to bool 'true' or 'false' (performance warning)
     1>c:\users\thecarisma\documents\simple_github\simple\modules\dynamic_modules\fulltick\fulltick.cpp(28552): warning C4067: unexpected tokens following preprocessor directive - expected a newline
     1>c:\users\thecarisma\documents\simple_github\simple\modules\dynamic_modules\fulltick\fulltick.cpp(29064): warning C4067: unexpected tokens following preprocessor directive - expected a newline
     1>c:\users\thecarisma\documents\simple_github\simple\modules\dynamic_modules\fulltick\fulltick.cpp(29484): warning C4067: unexpected tokens following preprocessor directive - expected a newline
     1>C:\Program Files (x86)\MSBuild\Microsoft.Cpp\v4.0\V110\Microsoft.CppBuild.targets(1137,5): warning MSB8012: TargetPath(C:\Users\thecarisma\Downloads\fltk-1.3.4-2-source\fltk-1.3.4-2\ide\VisualC2010\Debug\fulltick.dll) does not match the Linker's OutputFile property value (C:\Users\thecarisma\Documents\SIMPLE_GITHUB\simple\modules\dynamic_modules\fulltick\dist\libfulltick32.dll). This may cause your project to build incorrectly. To correct this, please make sure that $(OutDir), $(TargetName) and $(TargetExt) property values match the value specified in %(Link.OutputFile).
     1>C:\Program Files (x86)\MSBuild\Microsoft.Cpp\v4.0\V110\Microsoft.CppBuild.targets(1139,5): warning MSB8012: TargetName(fulltick) does not match the Linker's OutputFile property value (libfulltick32). This may cause your project to build incorrectly. To correct this, please make sure that $(OutDir), $(TargetName) and $(TargetExt) property values match the value specified in %(Link.OutputFile).
       Link:
         C:\Program Files (x86)\Microsoft Visual Studio 11.0\VC\bin\link.exe /ERRORREPORT:PROMPT /OUT:"C:\Users\thecarisma\Documents\SIMPLE_GITHUB\simple\modules\dynamic_modules\fulltick\fulltick\../dist/libfulltick32.dll" /INCREMENTAL /NOLOGO /LIBPATH:./ libsimple.lib kernel32.lib user32.lib gdi32.lib winspool.lib comdlg32.lib advapi32.lib shell32.lib ole32.lib oleaut32.lib uuid.lib odbc32.lib odbccp32.lib kernel32.lib user32.lib gdi32.lib winspool.lib comdlg32.lib advapi32.lib shell32.lib ole32.lib oleaut32.lib uuid.lib odbc32.lib odbccp32.lib /MANIFEST /MANIFESTUAC:"level='asInvoker' uiAccess='false'" /manifest:embed /DEBUG /PDB:"C:\Users\thecarisma\Downloads\fltk-1.3.4-2-source\fltk-1.3.4-2\ide\VisualC2010\Debug\fulltick.pdb" /SUBSYSTEM:WINDOWS /TLBID:1 /DYNAMICBASE /NXCOMPAT /IMPLIB:"C:\Users\thecarisma\Downloads\fltk-1.3.4-2-source\fltk-1.3.4-2\ide\VisualC2010\Debug\fulltick.lib" /MACHINE:X86 /DLL Debug\fulltick.obj
         "C:\Users\thecarisma\Downloads\fltk-1.3.4-2-source\fltk-1.3.4-2\lib\fltkd.lib"
         "C:\Users\thecarisma\Downloads\fltk-1.3.4-2-source\fltk-1.3.4-2\lib\fltkformsd.lib"
         "C:\Users\thecarisma\Downloads\fltk-1.3.4-2-source\fltk-1.3.4-2\lib\fltkimagesd.lib"
         "C:\Users\thecarisma\Downloads\fltk-1.3.4-2-source\fltk-1.3.4-2\lib\fltkjpegd.lib"
         "C:\Users\thecarisma\Downloads\fltk-1.3.4-2-source\fltk-1.3.4-2\lib\fltkpngd.lib"
         "C:\Users\thecarisma\Downloads\fltk-1.3.4-2-source\fltk-1.3.4-2\lib\fltkzlibd.lib"
            Creating library C:\Users\thecarisma\Downloads\fltk-1.3.4-2-source\fltk-1.3.4-2\ide\VisualC2010\Debug\fulltick.lib and object C:\Users\thecarisma\Downloads\fltk-1.3.4-2-source\fltk-1.3.4-2\ide\VisualC2010\Debug\fulltick.exp
     1>LINK : warning LNK4098: defaultlib 'MSVCRTD' conflicts with use of other libs; use /NODEFAULTLIB:library
         fulltick.vcxproj -> C:\Users\thecarisma\Downloads\fltk-1.3.4-2-source\fltk-1.3.4-2\ide\VisualC2010\Debug\fulltick.dll
     1>Done Building Project "C:\Users\thecarisma\Documents\SIMPLE_GITHUB\simple\modules\dynamic_modules\fulltick\fulltick\fulltick.vcxproj" (Build target(s)).

Build succeeded.

Time Elapsed 00:00:27.24
