C:\USERS\THECARISMA\DOCUMENTS\SIMPLE_GITHUB\MODULES\DYNAMIC_MODULES\FULLTICK\DEBUG\FULLTICK.OBJ
C:\USERS\THECARISMA\DOCUMENTS\SIMPLE_GITHUB\MODULES\DYNAMIC_MODULES\FULLTICK\DEBUG\FULLTICK_DELEGATE.OBJ
C:\USERS\THECARISMA\DOCUMENTS\SIMPLE_GITHUB\MODULES\DYNAMIC_MODULES\FULLTICK\DEBUG\VC110.PDB
C:\Users\thecarisma\Documents\SIMPLE_GITHUB\modules\dynamic_modules\fulltick\Debug\fulltick.lib
C:\Users\thecarisma\Documents\SIMPLE_GITHUB\modules\dynamic_modules\fulltick\Debug\fulltick.exp
C:\USERS\THECARISMA\DOCUMENTS\SIMPLE_GITHUB\MODULES\DYNAMIC_MODULES\FULLTICK\DEBUG\FULLTICK.DLL
C:\USERS\THECARISMA\DOCUMENTS\SIMPLE_GITHUB\MODULES\DYNAMIC_MODULES\FULLTICK\DEBUG\FULLTICK.PDB
C:\Users\thecarisma\Documents\SIMPLE_GITHUB\modules\dynamic_modules\fulltick\Debug\fulltick.vcxprojResolveAssemblyReference.cache
C:\Users\thecarisma\Documents\SIMPLE_GITHUB\modules\dynamic_modules\fulltick\Debug\fulltick.obj
C:\Users\thecarisma\Documents\SIMPLE_GITHUB\modules\dynamic_modules\fulltick\Debug\fulltick_delegate.obj
C:\Users\thecarisma\Documents\SIMPLE_GITHUB\modules\dynamic_modules\fulltick\Debug\cl.command.1.tlog
C:\Users\thecarisma\Documents\SIMPLE_GITHUB\modules\dynamic_modules\fulltick\Debug\CL.read.1.tlog
C:\Users\thecarisma\Documents\SIMPLE_GITHUB\modules\dynamic_modules\fulltick\Debug\CL.write.1.tlog
C:\Users\thecarisma\Documents\SIMPLE_GITHUB\modules\dynamic_modules\fulltick\Debug\fulltick.write.1.tlog
C:\Users\thecarisma\Documents\SIMPLE_GITHUB\modules\dynamic_modules\fulltick\Debug\link-cvtres.read.1.tlog
C:\Users\thecarisma\Documents\SIMPLE_GITHUB\modules\dynamic_modules\fulltick\Debug\link-cvtres.write.1.tlog
C:\Users\thecarisma\Documents\SIMPLE_GITHUB\modules\dynamic_modules\fulltick\Debug\link-rc.read.1.tlog
C:\Users\thecarisma\Documents\SIMPLE_GITHUB\modules\dynamic_modules\fulltick\Debug\link-rc.write.1.tlog
C:\Users\thecarisma\Documents\SIMPLE_GITHUB\modules\dynamic_modules\fulltick\Debug\link.command.1.tlog
C:\Users\thecarisma\Documents\SIMPLE_GITHUB\modules\dynamic_modules\fulltick\Debug\link.read.1.tlog
C:\Users\thecarisma\Documents\SIMPLE_GITHUB\modules\dynamic_modules\fulltick\Debug\link.write.1.tlog
C:\Users\thecarisma\Documents\SIMPLE_GITHUB\modules\dynamic_modules\fulltick\Debug\vc110.idb
C:\Users\thecarisma\Documents\SIMPLE_GITHUB\modules\dynamic_modules\fulltick\Debug\fulltick.pdb
C:\Users\thecarisma\Documents\SIMPLE_GITHUB\modules\dynamic_modules\fulltick\Debug\vc110.pdb
C:\Users\thecarisma\Documents\SIMPLE_GITHUB\modules\dynamic_modules\fulltick\Debug\fulltick.dll
